This is pdfTeX, Version 3.141592653-2.6-1.40.24 (TeX Live 2022) (preloaded format=pdflatex 2022.8.8)  16 AUG 2022 16:26
entering extended mode
 restricted \write18 enabled.
 %&-line parsing enabled.
**Rpackage_paper.tex
(./Rpackage_paper.tex
LaTeX2e <2022-06-01> patch level 5
L3 programming layer <2022-08-05> (/Users/alexandra/Library/TinyTeX/texmf-dist/tex/latex/apa6/apa6.cls
Document Class: apa6 2020/01/13 v2.34 APA formatting (6th edition)
(/Users/alexandra/Library/TinyTeX/texmf-dist/tex/latex/base/article.cls
Document Class: article 2021/10/04 v1.4n Standard LaTeX document class
(/Users/alexandra/Library/TinyTeX/texmf-dist/tex/latex/base/size12.clo
File: size12.clo 2021/10/04 v1.4n Standard LaTeX file (size option)
)
\c@part=\count185
\c@section=\count186
\c@subsection=\count187
\c@subsubsection=\count188
\c@paragraph=\count189
\c@subparagraph=\count190
\c@figure=\count191
\c@table=\count192
\abovecaptionskip=\skip47
\belowcaptionskip=\skip48
\bibindent=\dimen138
) (/Users/alexandra/Library/TinyTeX/texmf-dist/tex/latex/etoolbox/etoolbox.sty
Package: etoolbox 2020/10/05 v2.5k e-TeX tools for LaTeX (JAW)
\etb@tempcnta=\count193
)
Class apa6 Info: No bibliography package was specified; defaulting to (but not loading) Biblatex on input line 213.
(/Users/alexandra/Library/TinyTeX/texmf-dist/tex/latex/lm/lmodern.sty
Package: lmodern 2015/05/01 v1.6.1 Latin Modern Fonts
LaTeX Font Info:    Overwriting symbol font `operators' in version `normal'
(Font)                  OT1/cmr/m/n --> OT1/lmr/m/n on input line 22.
LaTeX Font Info:    Overwriting symbol font `letters' in version `normal'
(Font)                  OML/cmm/m/it --> OML/lmm/m/it on input line 23.
LaTeX Font Info:    Overwriting symbol font `symbols' in version `normal'
(Font)                  OMS/cmsy/m/n --> OMS/lmsy/m/n on input line 24.
LaTeX Font Info:    Overwriting symbol font `largesymbols' in version `normal'
(Font)                  OMX/cmex/m/n --> OMX/lmex/m/n on input line 25.
LaTeX Font Info:    Overwriting symbol font `operators' in version `bold'
(Font)                  OT1/cmr/bx/n --> OT1/lmr/bx/n on input line 26.
LaTeX Font Info:    Overwriting symbol font `letters' in version `bold'
(Font)                  OML/cmm/b/it --> OML/lmm/b/it on input line 27.
LaTeX Font Info:    Overwriting symbol font `symbols' in version `bold'
(Font)                  OMS/cmsy/b/n --> OMS/lmsy/b/n on input line 28.
LaTeX Font Info:    Overwriting symbol font `largesymbols' in version `bold'
(Font)                  OMX/cmex/m/n --> OMX/lmex/m/n on input line 29.
LaTeX Font Info:    Overwriting math alphabet `\mathbf' in version `normal'
(Font)                  OT1/cmr/bx/n --> OT1/lmr/bx/n on input line 31.
LaTeX Font Info:    Overwriting math alphabet `\mathsf' in version `normal'
(Font)                  OT1/cmss/m/n --> OT1/lmss/m/n on input line 32.
LaTeX Font Info:    Overwriting math alphabet `\mathit' in version `normal'
(Font)                  OT1/cmr/m/it --> OT1/lmr/m/it on input line 33.
LaTeX Font Info:    Overwriting math alphabet `\mathtt' in version `normal'
(Font)                  OT1/cmtt/m/n --> OT1/lmtt/m/n on input line 34.
LaTeX Font Info:    Overwriting math alphabet `\mathbf' in version `bold'
(Font)                  OT1/cmr/bx/n --> OT1/lmr/bx/n on input line 35.
LaTeX Font Info:    Overwriting math alphabet `\mathsf' in version `bold'
(Font)                  OT1/cmss/bx/n --> OT1/lmss/bx/n on input line 36.
LaTeX Font Info:    Overwriting math alphabet `\mathit' in version `bold'
(Font)                  OT1/cmr/bx/it --> OT1/lmr/bx/it on input line 37.
LaTeX Font Info:    Overwriting math alphabet `\mathtt' in version `bold'
(Font)                  OT1/cmtt/m/n --> OT1/lmtt/m/n on input line 38.
) (/Users/alexandra/Library/TinyTeX/texmf-dist/tex/latex/base/fontenc.sty
Package: fontenc 2021/04/29 v2.0v Standard LaTeX package
LaTeX Font Info:    Trying to load font information for T1+lmr on input line 112.
(/Users/alexandra/Library/TinyTeX/texmf-dist/tex/latex/lm/t1lmr.fd
File: t1lmr.fd 2015/05/01 v1.6.1 Font defs for Latin Modern
)) (/Users/alexandra/Library/TinyTeX/texmf-dist/tex/latex/geometry/geometry.sty
Package: geometry 2020/01/02 v5.9 Page Geometry
(/Users/alexandra/Library/TinyTeX/texmf-dist/tex/latex/graphics/keyval.sty
Package: keyval 2022/05/29 v1.15 key=value parser (DPC)
\KV@toks@=\toks16
) (/Users/alexandra/Library/TinyTeX/texmf-dist/tex/generic/iftex/ifvtex.sty
Package: ifvtex 2019/10/25 v1.7 ifvtex legacy package. Use iftex instead.
(/Users/alexandra/Library/TinyTeX/texmf-dist/tex/generic/iftex/iftex.sty
Package: iftex 2022/02/03 v1.0f TeX engine tests
))
\Gm@cnth=\count194
\Gm@cntv=\count195
\c@Gm@tempcnt=\count196
\Gm@bindingoffset=\dimen139
\Gm@wd@mp=\dimen140
\Gm@odd@mp=\dimen141
\Gm@even@mp=\dimen142
\Gm@layoutwidth=\dimen143
\Gm@layoutheight=\dimen144
\Gm@layouthoffset=\dimen145
\Gm@layoutvoffset=\dimen146
\Gm@dimlist=\toks17
) (/Users/alexandra/Library/TinyTeX/texmf-dist/tex/latex/graphics/graphicx.sty
Package: graphicx 2021/09/16 v1.2d Enhanced LaTeX Graphics (DPC,SPQR)
(/Users/alexandra/Library/TinyTeX/texmf-dist/tex/latex/graphics/graphics.sty
Package: graphics 2022/03/10 v1.4e Standard LaTeX Graphics (DPC,SPQR)
(/Users/alexandra/Library/TinyTeX/texmf-dist/tex/latex/graphics/trig.sty
Package: trig 2021/08/11 v1.11 sin cos tan (DPC)
) (/Users/alexandra/Library/TinyTeX/texmf-dist/tex/latex/graphics-cfg/graphics.cfg
File: graphics.cfg 2016/06/04 v1.11 sample graphics configuration
)
Package graphics Info: Driver file: pdftex.def on input line 107.
(/Users/alexandra/Library/TinyTeX/texmf-dist/tex/latex/graphics-def/pdftex.def
File: pdftex.def 2020/10/05 v1.2a Graphics/color driver for pdftex
))
\Gin@req@height=\dimen147
\Gin@req@width=\dimen148
) (/Users/alexandra/Library/TinyTeX/texmf-dist/tex/latex/booktabs/booktabs.sty
Package: booktabs 2020/01/12 v1.61803398 Publication quality tables
\heavyrulewidth=\dimen149
\lightrulewidth=\dimen150
\cmidrulewidth=\dimen151
\belowrulesep=\dimen152
\belowbottomsep=\dimen153
\aboverulesep=\dimen154
\abovetopsep=\dimen155
\cmidrulesep=\dimen156
\cmidrulekern=\dimen157
\defaultaddspace=\dimen158
\@cmidla=\count197
\@cmidlb=\count198
\@aboverulesep=\dimen159
\@belowrulesep=\dimen160
\@thisruleclass=\count199
\@lastruleclass=\count266
\@thisrulewidth=\dimen161
) (/Users/alexandra/Library/TinyTeX/texmf-dist/tex/latex/threeparttable/threeparttable.sty
Package: threeparttable 2003/06/13  v 3.0
\@tempboxb=\box51
)
\b@level@one@skip=\skip49
\e@level@one@skip=\skip50
\b@level@two@skip=\skip51
\e@level@two@skip=\skip52
\b@level@three@skip=\skip53
\e@level@three@skip=\skip54
\b@level@four@skip=\skip55
\e@level@four@skip=\skip56
\b@level@five@skip=\skip57
\e@level@five@skip=\skip58
(/Users/alexandra/Library/TinyTeX/texmf-dist/tex/latex/caption/caption.sty
Package: caption 2022/03/01 v3.6b Customizing captions (AR)
(/Users/alexandra/Library/TinyTeX/texmf-dist/tex/latex/caption/caption3.sty
Package: caption3 2022/03/17 v2.3b caption3 kernel (AR)
\caption@tempdima=\dimen162
\captionmargin=\dimen163
\caption@leftmargin=\dimen164
\caption@rightmargin=\dimen165
\caption@width=\dimen166
\caption@indent=\dimen167
\caption@parindent=\dimen168
\caption@hangindent=\dimen169
Package caption Info: Standard document class detected.
)
\c@caption@flags=\count267
\c@continuedfloat=\count268
Package caption Info: threeparttable package is loaded.
)
\c@APAenum=\count269
\@text@par@indent=\skip59
\gr@box=\box52
\gr@boxwidth=\skip60
\gr@boxheight=\skip61
(/Users/alexandra/Library/TinyTeX/texmf-dist/tex/latex/tools/bm.sty
Package: bm 2022/01/05 v1.2f Bold Symbol Support (DPC/FMi)
\symboldoperators=\mathgroup4
\symboldletters=\mathgroup5
\symboldsymbols=\mathgroup6
Package bm Info: No bold for \OMX/lmex/m/n, using \pmb.
LaTeX Font Info:    Redeclaring math alphabet \mathbf on input line 149.
)
\c@appendix=\count270
(/Users/alexandra/Library/TinyTeX/texmf-dist/tex/latex/fancyhdr/fancyhdr.sty
Package: fancyhdr 2022/05/18 v4.0.3 Extensive control of page headers and footers
\f@nch@headwidth=\skip62
\f@nch@O@elh=\skip63
\f@nch@O@erh=\skip64
\f@nch@O@olh=\skip65
\f@nch@O@orh=\skip66
\f@nch@O@elf=\skip67
\f@nch@O@erf=\skip68
\f@nch@O@olf=\skip69
\f@nch@O@orf=\skip70
) (/Users/alexandra/Library/TinyTeX/texmf-dist/tex/latex/endfloat/endfloat.sty
Package: endfloat 2019/04/15 v2.7 LaTeX2e package puts figures and tables at end (jdm)
\c@posttable=\count271
\efloat@postttt=\write3
\@ef@tttopen=\count272
\c@postfigure=\count273
\efloat@postfff=\write4
\@ef@fffopen=\count274
) (/Users/alexandra/Library/TinyTeX/texmf-dist/tex/latex/float/float.sty
Package: float 2001/11/08 v1.3d Float enhancements (AL)
\c@float@type=\count275
\float@exts=\toks18
\float@box=\box53
\@float@everytoks=\toks19
\@floatcapt=\box54
)) (/Users/alexandra/Library/TinyTeX/texmf-dist/tex/latex/amsmath/amsmath.sty
Package: amsmath 2022/04/08 v2.17n AMS math features
\@mathmargin=\skip71
For additional information on amsmath, use the `?' option.
(/Users/alexandra/Library/TinyTeX/texmf-dist/tex/latex/amsmath/amstext.sty
Package: amstext 2021/08/26 v2.01 AMS text
(/Users/alexandra/Library/TinyTeX/texmf-dist/tex/latex/amsmath/amsgen.sty
File: amsgen.sty 1999/11/30 v2.0 generic functions
\@emptytoks=\toks20
\ex@=\dimen170
)) (/Users/alexandra/Library/TinyTeX/texmf-dist/tex/latex/amsmath/amsbsy.sty
Package: amsbsy 1999/11/29 v1.2d Bold Symbols
LaTeX Info: Redefining \boldsymbol on input line 28.
\pmbraise@=\dimen171
) (/Users/alexandra/Library/TinyTeX/texmf-dist/tex/latex/amsmath/amsopn.sty
Package: amsopn 2022/04/08 v2.04 operator names
)
\inf@bad=\count276
LaTeX Info: Redefining \frac on input line 234.
\uproot@=\count277
\leftroot@=\count278
LaTeX Info: Redefining \overline on input line 399.
LaTeX Info: Redefining \colon on input line 410.
\classnum@=\count279
\DOTSCASE@=\count280
LaTeX Info: Redefining \ldots on input line 496.
LaTeX Info: Redefining \dots on input line 499.
LaTeX Info: Redefining \cdots on input line 620.
\Mathstrutbox@=\box55
\strutbox@=\box56
LaTeX Info: Redefining \big on input line 722.
LaTeX Info: Redefining \Big on input line 723.
LaTeX Info: Redefining \bigg on input line 724.
LaTeX Info: Redefining \Bigg on input line 725.
\big@size=\dimen172
LaTeX Font Info:    Redeclaring font encoding OML on input line 743.
LaTeX Font Info:    Redeclaring font encoding OMS on input line 744.
\macc@depth=\count281
LaTeX Info: Redefining \bmod on input line 905.
LaTeX Info: Redefining \pmod on input line 910.
LaTeX Info: Redefining \smash on input line 940.
LaTeX Info: Redefining \relbar on input line 970.
LaTeX Info: Redefining \Relbar on input line 971.
\c@MaxMatrixCols=\count282
\dotsspace@=\muskip16
\c@parentequation=\count283
\dspbrk@lvl=\count284
\tag@help=\toks21
\row@=\count285
\column@=\count286
\maxfields@=\count287
\andhelp@=\toks22
\eqnshift@=\dimen173
\alignsep@=\dimen174
\tagshift@=\dimen175
\tagwidth@=\dimen176
\totwidth@=\dimen177
\lineht@=\dimen178
\@envbody=\toks23
\multlinegap=\skip72
\multlinetaggap=\skip73
\mathdisplay@stack=\toks24
LaTeX Info: Redefining \[ on input line 2953.
LaTeX Info: Redefining \] on input line 2954.
) (/Users/alexandra/Library/TinyTeX/texmf-dist/tex/latex/amsfonts/amssymb.sty
Package: amssymb 2013/01/14 v3.01 AMS font symbols
(/Users/alexandra/Library/TinyTeX/texmf-dist/tex/latex/amsfonts/amsfonts.sty
Package: amsfonts 2013/01/14 v3.01 Basic AMSFonts support
\symAMSa=\mathgroup7
\symAMSb=\mathgroup8
LaTeX Font Info:    Redeclaring math symbol \hbar on input line 98.
LaTeX Font Info:    Overwriting math alphabet `\mathfrak' in version `bold'
(Font)                  U/euf/m/n --> U/euf/b/n on input line 106.
)) (/Users/alexandra/Library/TinyTeX/texmf-dist/tex/latex/base/fontenc.sty
Package: fontenc 2021/04/29 v2.0v Standard LaTeX package
) (/Users/alexandra/Library/TinyTeX/texmf-dist/tex/latex/base/inputenc.sty
Package: inputenc 2021/02/14 v1.3d Input encoding file
\inpenc@prehook=\toks25
\inpenc@posthook=\toks26
) (/Users/alexandra/Library/TinyTeX/texmf-dist/tex/latex/base/textcomp.sty
Package: textcomp 2020/02/02 v2.0n Standard LaTeX package
) (/Users/alexandra/Library/TinyTeX/texmf-dist/tex/latex/xcolor/xcolor.sty
Package: xcolor 2022/06/12 v2.14 LaTeX color extensions (UK)
(/Users/alexandra/Library/TinyTeX/texmf-dist/tex/latex/graphics-cfg/color.cfg
File: color.cfg 2016/01/02 v1.6 sample color configuration
)
Package xcolor Info: Driver file: pdftex.def on input line 227.
(/Users/alexandra/Library/TinyTeX/texmf-dist/tex/latex/graphics/mathcolor.ltx)
Package xcolor Info: Model `cmy' substituted by `cmy0' on input line 1353.
Package xcolor Info: Model `hsb' substituted by `rgb' on input line 1357.
Package xcolor Info: Model `RGB' extended on input line 1369.
Package xcolor Info: Model `HTML' substituted by `rgb' on input line 1371.
Package xcolor Info: Model `Hsb' substituted by `hsb' on input line 1372.
Package xcolor Info: Model `tHsb' substituted by `hsb' on input line 1373.
Package xcolor Info: Model `HSB' substituted by `hsb' on input line 1374.
Package xcolor Info: Model `Gray' substituted by `gray' on input line 1375.
Package xcolor Info: Model `wave' substituted by `hsb' on input line 1376.
) (/Users/alexandra/Library/TinyTeX/texmf-dist/tex/latex/fancyvrb/fancyvrb.sty
Package: fancyvrb 2022/06/06 4.5 verbatim text (tvz,hv)
\FV@CodeLineNo=\count288
\FV@InFile=\read2
\FV@TabBox=\box57
\c@FancyVerbLine=\count289
\FV@StepNumber=\count290
\FV@OutFile=\write5
) (/Users/alexandra/Library/TinyTeX/texmf-dist/tex/latex/framed/framed.sty
Package: framed 2011/10/22 v 0.96: framed or shaded text with page breaks
\OuterFrameSep=\skip74
\fb@frw=\dimen179
\fb@frh=\dimen180
\FrameRule=\dimen181
\FrameSep=\dimen182
)
\cslhangindent=\skip75
\csllabelwidth=\skip76
\cslentryspacingunit=\skip77
(/Users/alexandra/Library/TinyTeX/texmf-dist/tex/latex/tools/calc.sty
Package: calc 2017/05/25 v4.3 Infix arithmetic (KKT,FJ)
\calc@Acount=\count291
\calc@Bcount=\count292
\calc@Adimen=\dimen183
\calc@Bdimen=\dimen184
\calc@Askip=\skip78
\calc@Bskip=\skip79
LaTeX Info: Redefining \setlength on input line 80.
LaTeX Info: Redefining \addtolength on input line 81.
\calc@Ccount=\count293
\calc@Cskip=\skip80
) (/Users/alexandra/Library/TinyTeX/texmf-dist/tex/generic/babel/babel.sty
Package: babel 2022/07/20 3.78 The Babel package
\babel@savecnt=\count294
\U@D=\dimen185
\l@unhyphenated=\language3
(/Users/alexandra/Library/TinyTeX/texmf-dist/tex/generic/babel/txtbabel.def)
\bbl@readstream=\read3
\bbl@dirlevel=\count295
Package babel Info: You haven't specified a language. I'll use 'nil'
(babel)             as the main language. Reported on input line 4410.
(/Users/alexandra/Library/TinyTeX/texmf-dist/tex/generic/babel/nil.ldf
Language: nil 2022/07/20 3.78 Nil language
\l@nil=\language4
))
\everypar=\toks27
(/Users/alexandra/Library/TinyTeX/texmf-dist/tex/generic/babel/locale/en/babel-english.tex)
Package babel Info: Importing data for english
(babel)             from babel-en.ini. Reported on input line 130.
Package babel Info: Hyphen rules for 'english' set to \l@english
(babel)             (\language0). Reported on input line 130.
(/Users/alexandra/Library/TinyTeX/texmf-dist/tex/latex/was/upgreek.sty
Package: upgreek 2003/02/12 v2.0 (WaS)
Package upgreek Info: Using Euler Roman for upright Greek on input line 31.
\symugrf@m=\mathgroup9
LaTeX Font Info:    Overwriting symbol font `ugrf@m' in version `bold'
(Font)                  U/eur/m/n --> U/eur/b/n on input line 38.
) (/Users/alexandra/Library/TinyTeX/texmf-dist/tex/latex/tools/longtable.sty
Package: longtable 2021-09-01 v4.17 Multi-page Table package (DPC)
\LTleft=\skip81
\LTright=\skip82
\LTpre=\skip83
\LTpost=\skip84
\LTchunksize=\count296
\LTcapwidth=\dimen186
\LT@head=\box58
\LT@firsthead=\box59
\LT@foot=\box60
\LT@lastfoot=\box61
\LT@gbox=\box62
\LT@cols=\count297
\LT@rows=\count298
\c@LT@tables=\count299
\c@LT@chunks=\count300
\LT@p@ftn=\toks28
) (/Users/alexandra/Library/TinyTeX/texmf-dist/tex/latex/graphics/lscape.sty
Package: lscape 2020/05/28 v3.02 Landscape Pages (DPC)
) (/Users/alexandra/Library/TinyTeX/texmf-dist/tex/latex/multirow/multirow.sty
Package: multirow 2021/03/15 v2.8 Span multiple rows of a table
\multirow@colwidth=\skip85
\multirow@cntb=\count301
\multirow@dima=\skip86
\bigstrutjot=\dimen187
) (/Users/alexandra/Library/TinyTeX/texmf-dist/tex/latex/tools/tabularx.sty
Package: tabularx 2020/01/15 v2.11c `tabularx' package (DPC)
(/Users/alexandra/Library/TinyTeX/texmf-dist/tex/latex/tools/array.sty
Package: array 2022/03/10 v2.5f Tabular extension package (FMi)
\col@sep=\dimen188
\ar@mcellbox=\box63
\extrarowheight=\dimen189
\NC@list=\toks29
\extratabsurround=\skip87
\backup@length=\skip88
\ar@cellbox=\box64
)
\TX@col@width=\dimen190
\TX@old@table=\dimen191
\TX@old@col=\dimen192
\TX@target=\dimen193
\TX@delta=\dimen194
\TX@cols=\count302
\TX@ftn=\toks30
) (/Users/alexandra/Library/TinyTeX/texmf-dist/tex/latex/threeparttablex/threeparttablex.sty
Package: threeparttablex 2013/07/23 v0.3 by daleif
(/Users/alexandra/Library/TinyTeX/texmf-dist/tex/latex/environ/environ.sty
Package: environ 2014/05/04 v0.3 A new way to define environments
(/Users/alexandra/Library/TinyTeX/texmf-dist/tex/latex/trimspaces/trimspaces.sty
Package: trimspaces 2009/09/17 v1.1 Trim spaces around a token list
))
\TPTL@width=\skip89
)
\longtablewidth=\skip90
Failed to patch abstract.
Failed to patch title.
(/Users/alexandra/Library/TinyTeX/texmf-dist/tex/latex/xpatch/xpatch.sty (/Users/alexandra/Library/TinyTeX/texmf-dist/tex/latex/l3kernel/expl3.sty
Package: expl3 2022-08-05 L3 programming layer (loader) 
(/Users/alexandra/Library/TinyTeX/texmf-dist/tex/latex/l3backend/l3backend-pdftex.def
File: l3backend-pdftex.def 2022-08-05 L3 backend support: PDF output (pdfTeX)
\l__color_backend_stack_int=\count303
\l__pdf_internal_box=\box65
))
Package: xpatch 2020/03/25 v0.3a Extending etoolbox patching commands
(/Users/alexandra/Library/TinyTeX/texmf-dist/tex/latex/l3packages/xparse/xparse.sty
Package: xparse 2022-06-22 L3 Experimental document command parser
)) (/Users/alexandra/Library/TinyTeX/texmf-dist/tex/latex/lineno/lineno.sty
Package: lineno 2005/11/02 line numbers on paragraphs v4.41
\linenopenalty=\count304
\output=\toks31
\linenoprevgraf=\count305
\linenumbersep=\dimen195
\linenumberwidth=\dimen196
\c@linenumber=\count306
\c@pagewiselinenumber=\count307
\c@LN@truepage=\count308
\c@internallinenumber=\count309
\c@internallinenumbers=\count310
\quotelinenumbersep=\dimen197
\bframerule=\dimen198
\bframesep=\dimen199
\bframebox=\box66
LaTeX Info: Redefining \\ on input line 3056.
) (/Users/alexandra/Library/TinyTeX/texmf-dist/tex/latex/csquotes/csquotes.sty
Package: csquotes 2021-02-22 v5.2l context-sensitive quotations (JAW)
\csq@reset=\count311
\csq@gtype=\count312
\csq@glevel=\count313
\csq@qlevel=\count314
\csq@maxlvl=\count315
\csq@tshold=\count316
\csq@ltx@everypar=\toks32
(/Users/alexandra/Library/TinyTeX/texmf-dist/tex/latex/csquotes/csquotes.def
File: csquotes.def 2021-02-22 v5.2l csquotes generic definitions (JAW)
)
Package csquotes Info: Trying to load configuration file 'csquotes.cfg'...
Package csquotes Info: ... configuration file loaded successfully.
(/Users/alexandra/Library/TinyTeX/texmf-dist/tex/latex/csquotes/csquotes.cfg
File: csquotes.cfg 
)) (/Users/alexandra/Library/TinyTeX/texmf-dist/tex/latex/units/nicefrac.sty
Package: nicefrac 1998/08/04 v0.9b Nice fractions
\L@UnitsRaiseDisplaystyle=\skip91
\L@UnitsRaiseTextstyle=\skip92
\L@UnitsRaiseScriptstyle=\skip93
(/Users/alexandra/Library/TinyTeX/texmf-dist/tex/latex/base/ifthen.sty
Package: ifthen 2022/04/13 v1.1d Standard LaTeX ifthen package (DPC)
)) (/Users/alexandra/Library/TinyTeX/texmf-dist/tex/latex/todonotes/todonotes.sty
Package: todonotes 2021/06/04 v1.1.5 Todonotes source and documentation.
Package: todonotes 2021/06/04
(/Users/alexandra/Library/TinyTeX/texmf-dist/tex/latex/xkeyval/xkeyval.sty
Package: xkeyval 2022/06/16 v2.9 package option processing (HA)
(/Users/alexandra/Library/TinyTeX/texmf-dist/tex/generic/xkeyval/xkeyval.tex (/Users/alexandra/Library/TinyTeX/texmf-dist/tex/generic/xkeyval/xkvutils.tex
\XKV@toks=\toks33
\XKV@tempa@toks=\toks34
)
\XKV@depth=\count317
File: xkeyval.tex 2014/12/03 v2.7a key=value parser (HA)
)) (/Users/alexandra/Library/TinyTeX/texmf-dist/tex/latex/pgf/frontendlayer/tikz.sty (/Users/alexandra/Library/TinyTeX/texmf-dist/tex/latex/pgf/basiclayer/pgf.sty (/Users/alexandra/Library/TinyTeX/texmf-dist/tex/latex/pgf/utilities/pgfrcs.sty (/Users/alexandra/Library/TinyTeX/texmf-dist/tex/generic/pgf/utilities/pgfutil-common.tex
\pgfutil@everybye=\toks35
\pgfutil@tempdima=\dimen256
\pgfutil@tempdimb=\dimen257
(/Users/alexandra/Library/TinyTeX/texmf-dist/tex/generic/pgf/utilities/pgfutil-common-lists.tex)) (/Users/alexandra/Library/TinyTeX/texmf-dist/tex/generic/pgf/utilities/pgfutil-latex.def
\pgfutil@abb=\box67
) (/Users/alexandra/Library/TinyTeX/texmf-dist/tex/generic/pgf/utilities/pgfrcs.code.tex (/Users/alexandra/Library/TinyTeX/texmf-dist/tex/generic/pgf/pgf.revision.tex)
Package: pgfrcs 2021/05/15 v3.1.9a (3.1.9a)
))
Package: pgf 2021/05/15 v3.1.9a (3.1.9a)
(/Users/alexandra/Library/TinyTeX/texmf-dist/tex/latex/pgf/basiclayer/pgfcore.sty (/Users/alexandra/Library/TinyTeX/texmf-dist/tex/latex/pgf/systemlayer/pgfsys.sty (/Users/alexandra/Library/TinyTeX/texmf-dist/tex/generic/pgf/systemlayer/pgfsys.code.tex
Package: pgfsys 2021/05/15 v3.1.9a (3.1.9a)
(/Users/alexandra/Library/TinyTeX/texmf-dist/tex/generic/pgf/utilities/pgfkeys.code.tex
\pgfkeys@pathtoks=\toks36
\pgfkeys@temptoks=\toks37
(/Users/alexandra/Library/TinyTeX/texmf-dist/tex/generic/pgf/utilities/pgfkeysfiltered.code.tex
\pgfkeys@tmptoks=\toks38
))
\pgf@x=\dimen258
\pgf@y=\dimen259
\pgf@xa=\dimen260
\pgf@ya=\dimen261
\pgf@xb=\dimen262
\pgf@yb=\dimen263
\pgf@xc=\dimen264
\pgf@yc=\dimen265
\pgf@xd=\dimen266
\pgf@yd=\dimen267
\w@pgf@writea=\write6
\r@pgf@reada=\read4
\c@pgf@counta=\count318
\c@pgf@countb=\count319
\c@pgf@countc=\count320
\c@pgf@countd=\count321
\t@pgf@toka=\toks39
\t@pgf@tokb=\toks40
\t@pgf@tokc=\toks41
\pgf@sys@id@count=\count322
(/Users/alexandra/Library/TinyTeX/texmf-dist/tex/generic/pgf/systemlayer/pgf.cfg
File: pgf.cfg 2021/05/15 v3.1.9a (3.1.9a)
)
Driver file for pgf: pgfsys-pdftex.def
(/Users/alexandra/Library/TinyTeX/texmf-dist/tex/generic/pgf/systemlayer/pgfsys-pdftex.def
File: pgfsys-pdftex.def 2021/05/15 v3.1.9a (3.1.9a)
(/Users/alexandra/Library/TinyTeX/texmf-dist/tex/generic/pgf/systemlayer/pgfsys-common-pdf.def
File: pgfsys-common-pdf.def 2021/05/15 v3.1.9a (3.1.9a)
))) (/Users/alexandra/Library/TinyTeX/texmf-dist/tex/generic/pgf/systemlayer/pgfsyssoftpath.code.tex
File: pgfsyssoftpath.code.tex 2021/05/15 v3.1.9a (3.1.9a)
\pgfsyssoftpath@smallbuffer@items=\count323
\pgfsyssoftpath@bigbuffer@items=\count324
) (/Users/alexandra/Library/TinyTeX/texmf-dist/tex/generic/pgf/systemlayer/pgfsysprotocol.code.tex
File: pgfsysprotocol.code.tex 2021/05/15 v3.1.9a (3.1.9a)
)) (/Users/alexandra/Library/TinyTeX/texmf-dist/tex/generic/pgf/basiclayer/pgfcore.code.tex
Package: pgfcore 2021/05/15 v3.1.9a (3.1.9a)
(/Users/alexandra/Library/TinyTeX/texmf-dist/tex/generic/pgf/math/pgfmath.code.tex (/Users/alexandra/Library/TinyTeX/texmf-dist/tex/generic/pgf/math/pgfmathcalc.code.tex (/Users/alexandra/Library/TinyTeX/texmf-dist/tex/generic/pgf/math/pgfmathutil.code.tex) (/Users/alexandra/Library/TinyTeX/texmf-dist/tex/generic/pgf/math/pgfmathparser.code.tex
\pgfmath@dimen=\dimen268
\pgfmath@count=\count325
\pgfmath@box=\box68
\pgfmath@toks=\toks42
\pgfmath@stack@operand=\toks43
\pgfmath@stack@operation=\toks44
) (/Users/alexandra/Library/TinyTeX/texmf-dist/tex/generic/pgf/math/pgfmathfunctions.code.tex (/Users/alexandra/Library/TinyTeX/texmf-dist/tex/generic/pgf/math/pgfmathfunctions.basic.code.tex) (/Users/alexandra/Library/TinyTeX/texmf-dist/tex/generic/pgf/math/pgfmathfunctions.trigonometric.code.tex) (/Users/alexandra/Library/TinyTeX/texmf-dist/tex/generic/pgf/math/pgfmathfunctions.random.code.tex) (/Users/alexandra/Library/TinyTeX/texmf-dist/tex/generic/pgf/math/pgfmathfunctions.comparison.code.tex) (/Users/alexandra/Library/TinyTeX/texmf-dist/tex/generic/pgf/math/pgfmathfunctions.base.code.tex) (/Users/alexandra/Library/TinyTeX/texmf-dist/tex/generic/pgf/math/pgfmathfunctions.round.code.tex) (/Users/alexandra/Library/TinyTeX/texmf-dist/tex/generic/pgf/math/pgfmathfunctions.misc.code.tex) (/Users/alexandra/Library/TinyTeX/texmf-dist/tex/generic/pgf/math/pgfmathfunctions.integerarithmetics.code.tex))) (/Users/alexandra/Library/TinyTeX/texmf-dist/tex/generic/pgf/math/pgfmathfloat.code.tex
\c@pgfmathroundto@lastzeros=\count326
)) (/Users/alexandra/Library/TinyTeX/texmf-dist/tex/generic/pgf/math/pgfint.code.tex) (/Users/alexandra/Library/TinyTeX/texmf-dist/tex/generic/pgf/basiclayer/pgfcorepoints.code.tex
File: pgfcorepoints.code.tex 2021/05/15 v3.1.9a (3.1.9a)
\pgf@picminx=\dimen269
\pgf@picmaxx=\dimen270
\pgf@picminy=\dimen271
\pgf@picmaxy=\dimen272
\pgf@pathminx=\dimen273
\pgf@pathmaxx=\dimen274
\pgf@pathminy=\dimen275
\pgf@pathmaxy=\dimen276
\pgf@xx=\dimen277
\pgf@xy=\dimen278
\pgf@yx=\dimen279
\pgf@yy=\dimen280
\pgf@zx=\dimen281
\pgf@zy=\dimen282
) (/Users/alexandra/Library/TinyTeX/texmf-dist/tex/generic/pgf/basiclayer/pgfcorepathconstruct.code.tex
File: pgfcorepathconstruct.code.tex 2021/05/15 v3.1.9a (3.1.9a)
\pgf@path@lastx=\dimen283
\pgf@path@lasty=\dimen284
) (/Users/alexandra/Library/TinyTeX/texmf-dist/tex/generic/pgf/basiclayer/pgfcorepathusage.code.tex
File: pgfcorepathusage.code.tex 2021/05/15 v3.1.9a (3.1.9a)
\pgf@shorten@end@additional=\dimen285
\pgf@shorten@start@additional=\dimen286
) (/Users/alexandra/Library/TinyTeX/texmf-dist/tex/generic/pgf/basiclayer/pgfcorescopes.code.tex
File: pgfcorescopes.code.tex 2021/05/15 v3.1.9a (3.1.9a)
\pgfpic=\box69
\pgf@hbox=\box70
\pgf@layerbox@main=\box71
\pgf@picture@serial@count=\count327
) (/Users/alexandra/Library/TinyTeX/texmf-dist/tex/generic/pgf/basiclayer/pgfcoregraphicstate.code.tex
File: pgfcoregraphicstate.code.tex 2021/05/15 v3.1.9a (3.1.9a)
\pgflinewidth=\dimen287
) (/Users/alexandra/Library/TinyTeX/texmf-dist/tex/generic/pgf/basiclayer/pgfcoretransformations.code.tex
File: pgfcoretransformations.code.tex 2021/05/15 v3.1.9a (3.1.9a)
\pgf@pt@x=\dimen288
\pgf@pt@y=\dimen289
\pgf@pt@temp=\dimen290
) (/Users/alexandra/Library/TinyTeX/texmf-dist/tex/generic/pgf/basiclayer/pgfcorequick.code.tex
File: pgfcorequick.code.tex 2021/05/15 v3.1.9a (3.1.9a)
) (/Users/alexandra/Library/TinyTeX/texmf-dist/tex/generic/pgf/basiclayer/pgfcoreobjects.code.tex
File: pgfcoreobjects.code.tex 2021/05/15 v3.1.9a (3.1.9a)
) (/Users/alexandra/Library/TinyTeX/texmf-dist/tex/generic/pgf/basiclayer/pgfcorepathprocessing.code.tex
File: pgfcorepathprocessing.code.tex 2021/05/15 v3.1.9a (3.1.9a)
) (/Users/alexandra/Library/TinyTeX/texmf-dist/tex/generic/pgf/basiclayer/pgfcorearrows.code.tex
File: pgfcorearrows.code.tex 2021/05/15 v3.1.9a (3.1.9a)
\pgfarrowsep=\dimen291
) (/Users/alexandra/Library/TinyTeX/texmf-dist/tex/generic/pgf/basiclayer/pgfcoreshade.code.tex
File: pgfcoreshade.code.tex 2021/05/15 v3.1.9a (3.1.9a)
\pgf@max=\dimen292
\pgf@sys@shading@range@num=\count328
\pgf@shadingcount=\count329
) (/Users/alexandra/Library/TinyTeX/texmf-dist/tex/generic/pgf/basiclayer/pgfcoreimage.code.tex
File: pgfcoreimage.code.tex 2021/05/15 v3.1.9a (3.1.9a)
(/Users/alexandra/Library/TinyTeX/texmf-dist/tex/generic/pgf/basiclayer/pgfcoreexternal.code.tex
File: pgfcoreexternal.code.tex 2021/05/15 v3.1.9a (3.1.9a)
\pgfexternal@startupbox=\box72
)) (/Users/alexandra/Library/TinyTeX/texmf-dist/tex/generic/pgf/basiclayer/pgfcorelayers.code.tex
File: pgfcorelayers.code.tex 2021/05/15 v3.1.9a (3.1.9a)
) (/Users/alexandra/Library/TinyTeX/texmf-dist/tex/generic/pgf/basiclayer/pgfcoretransparency.code.tex
File: pgfcoretransparency.code.tex 2021/05/15 v3.1.9a (3.1.9a)
) (/Users/alexandra/Library/TinyTeX/texmf-dist/tex/generic/pgf/basiclayer/pgfcorepatterns.code.tex
File: pgfcorepatterns.code.tex 2021/05/15 v3.1.9a (3.1.9a)
) (/Users/alexandra/Library/TinyTeX/texmf-dist/tex/generic/pgf/basiclayer/pgfcorerdf.code.tex
File: pgfcorerdf.code.tex 2021/05/15 v3.1.9a (3.1.9a)
))) (/Users/alexandra/Library/TinyTeX/texmf-dist/tex/generic/pgf/modules/pgfmoduleshapes.code.tex
File: pgfmoduleshapes.code.tex 2021/05/15 v3.1.9a (3.1.9a)
\pgfnodeparttextbox=\box73
) (/Users/alexandra/Library/TinyTeX/texmf-dist/tex/generic/pgf/modules/pgfmoduleplot.code.tex
File: pgfmoduleplot.code.tex 2021/05/15 v3.1.9a (3.1.9a)
) (/Users/alexandra/Library/TinyTeX/texmf-dist/tex/latex/pgf/compatibility/pgfcomp-version-0-65.sty
Package: pgfcomp-version-0-65 2021/05/15 v3.1.9a (3.1.9a)
\pgf@nodesepstart=\dimen293
\pgf@nodesepend=\dimen294
) (/Users/alexandra/Library/TinyTeX/texmf-dist/tex/latex/pgf/compatibility/pgfcomp-version-1-18.sty
Package: pgfcomp-version-1-18 2021/05/15 v3.1.9a (3.1.9a)
)) (/Users/alexandra/Library/TinyTeX/texmf-dist/tex/latex/pgf/utilities/pgffor.sty (/Users/alexandra/Library/TinyTeX/texmf-dist/tex/latex/pgf/utilities/pgfkeys.sty (/Users/alexandra/Library/TinyTeX/texmf-dist/tex/generic/pgf/utilities/pgfkeys.code.tex)) (/Users/alexandra/Library/TinyTeX/texmf-dist/tex/latex/pgf/math/pgfmath.sty (/Users/alexandra/Library/TinyTeX/texmf-dist/tex/generic/pgf/math/pgfmath.code.tex)) (/Users/alexandra/Library/TinyTeX/texmf-dist/tex/generic/pgf/utilities/pgffor.code.tex
Package: pgffor 2021/05/15 v3.1.9a (3.1.9a)
(/Users/alexandra/Library/TinyTeX/texmf-dist/tex/generic/pgf/math/pgfmath.code.tex)
\pgffor@iter=\dimen295
\pgffor@skip=\dimen296
\pgffor@stack=\toks45
\pgffor@toks=\toks46
)) (/Users/alexandra/Library/TinyTeX/texmf-dist/tex/generic/pgf/frontendlayer/tikz/tikz.code.tex
Package: tikz 2021/05/15 v3.1.9a (3.1.9a)
(/Users/alexandra/Library/TinyTeX/texmf-dist/tex/generic/pgf/libraries/pgflibraryplothandlers.code.tex
File: pgflibraryplothandlers.code.tex 2021/05/15 v3.1.9a (3.1.9a)
\pgf@plot@mark@count=\count330
\pgfplotmarksize=\dimen297
)
\tikz@lastx=\dimen298
\tikz@lasty=\dimen299
\tikz@lastxsaved=\dimen300
\tikz@lastysaved=\dimen301
\tikz@lastmovetox=\dimen302
\tikz@lastmovetoy=\dimen303
\tikzleveldistance=\dimen304
\tikzsiblingdistance=\dimen305
\tikz@figbox=\box74
\tikz@figbox@bg=\box75
\tikz@tempbox=\box76
\tikz@tempbox@bg=\box77
\tikztreelevel=\count331
\tikznumberofchildren=\count332
\tikznumberofcurrentchild=\count333
\tikz@fig@count=\count334
(/Users/alexandra/Library/TinyTeX/texmf-dist/tex/generic/pgf/modules/pgfmodulematrix.code.tex
File: pgfmodulematrix.code.tex 2021/05/15 v3.1.9a (3.1.9a)
\pgfmatrixcurrentrow=\count335
\pgfmatrixcurrentcolumn=\count336
\pgf@matrix@numberofcolumns=\count337
)
\tikz@expandcount=\count338
(/Users/alexandra/Library/TinyTeX/texmf-dist/tex/generic/pgf/frontendlayer/tikz/libraries/tikzlibrarytopaths.code.tex
File: tikzlibrarytopaths.code.tex 2021/05/15 v3.1.9a (3.1.9a)
))) (/Users/alexandra/Library/TinyTeX/texmf-dist/tex/generic/pgf/frontendlayer/tikz/libraries/tikzlibrarypositioning.code.tex
File: tikzlibrarypositioning.code.tex 2021/05/15 v3.1.9a (3.1.9a)
)
\c@@todonotes@numberoftodonotes=\count339
) (/Users/alexandra/Library/TinyTeX/texmf-dist/tex/latex/appendix/appendix.sty
Package: appendix 2020/02/08 v1.2c extra appendix facilities
\c@@pps=\count340
\c@@ppsavesec=\count341
\c@@ppsaveapp=\count342
) (/Users/alexandra/Library/TinyTeX/texmf-dist/tex/latex/hyperref/hyperref.sty
Package: hyperref 2022-06-20 v7.00s Hypertext links for LaTeX
(/Users/alexandra/Library/TinyTeX/texmf-dist/tex/generic/ltxcmds/ltxcmds.sty
Package: ltxcmds 2020-05-10 v1.25 LaTeX kernel commands for general use (HO)
) (/Users/alexandra/Library/TinyTeX/texmf-dist/tex/generic/pdftexcmds/pdftexcmds.sty
Package: pdftexcmds 2020-06-27 v0.33 Utility functions of pdfTeX for LuaTeX (HO)
(/Users/alexandra/Library/TinyTeX/texmf-dist/tex/generic/infwarerr/infwarerr.sty
Package: infwarerr 2019/12/03 v1.5 Providing info/warning/error messages (HO)
)
Package pdftexcmds Info: \pdf@primitive is available.
Package pdftexcmds Info: \pdf@ifprimitive is available.
Package pdftexcmds Info: \pdfdraftmode found.
) (/Users/alexandra/Library/TinyTeX/texmf-dist/tex/generic/kvsetkeys/kvsetkeys.sty
Package: kvsetkeys 2019/12/15 v1.18 Key value parser (HO)
) (/Users/alexandra/Library/TinyTeX/texmf-dist/tex/generic/kvdefinekeys/kvdefinekeys.sty
Package: kvdefinekeys 2019-12-19 v1.6 Define keys (HO)
) (/Users/alexandra/Library/TinyTeX/texmf-dist/tex/generic/pdfescape/pdfescape.sty
Package: pdfescape 2019/12/09 v1.15 Implements pdfTeX's escape features (HO)
) (/Users/alexandra/Library/TinyTeX/texmf-dist/tex/latex/hycolor/hycolor.sty
Package: hycolor 2020-01-27 v1.10 Color options for hyperref/bookmark (HO)
) (/Users/alexandra/Library/TinyTeX/texmf-dist/tex/latex/letltxmacro/letltxmacro.sty
Package: letltxmacro 2019/12/03 v1.6 Let assignment for LaTeX macros (HO)
) (/Users/alexandra/Library/TinyTeX/texmf-dist/tex/latex/auxhook/auxhook.sty
Package: auxhook 2019-12-17 v1.6 Hooks for auxiliary files (HO)
) (/Users/alexandra/Library/TinyTeX/texmf-dist/tex/latex/hyperref/nameref.sty
Package: nameref 2022-05-17 v2.50 Cross-referencing by name of section
(/Users/alexandra/Library/TinyTeX/texmf-dist/tex/latex/refcount/refcount.sty
Package: refcount 2019/12/15 v3.6 Data extraction from label references (HO)
) (/Users/alexandra/Library/TinyTeX/texmf-dist/tex/generic/gettitlestring/gettitlestring.sty
Package: gettitlestring 2019/12/15 v1.6 Cleanup title references (HO)
(/Users/alexandra/Library/TinyTeX/texmf-dist/tex/latex/kvoptions/kvoptions.sty
Package: kvoptions 2022-06-15 v3.15 Key value format for package options (HO)
))
\c@section@level=\count343
)
\@linkdim=\dimen306
\Hy@linkcounter=\count344
\Hy@pagecounter=\count345
(/Users/alexandra/Library/TinyTeX/texmf-dist/tex/latex/hyperref/pd1enc.def
File: pd1enc.def 2022-06-20 v7.00s Hyperref: PDFDocEncoding definition (HO)
Now handling font encoding PD1 ...
... no UTF-8 mapping file for font encoding PD1
) (/Users/alexandra/Library/TinyTeX/texmf-dist/tex/generic/intcalc/intcalc.sty
Package: intcalc 2019/12/15 v1.3 Expandable calculations with integers (HO)
) (/Users/alexandra/Library/TinyTeX/texmf-dist/tex/generic/etexcmds/etexcmds.sty
Package: etexcmds 2019/12/15 v1.7 Avoid name clashes with e-TeX commands (HO)
)
\Hy@SavedSpaceFactor=\count346
(/Users/alexandra/Library/TinyTeX/texmf-dist/tex/latex/hyperref/puenc.def
File: puenc.def 2022-06-20 v7.00s Hyperref: PDF Unicode definition (HO)
Now handling font encoding PU ...
... no UTF-8 mapping file for font encoding PU
)
Package hyperref Info: Option `unicode' set `true' on input line 4045.
Package hyperref Info: Hyper figures OFF on input line 4162.
Package hyperref Info: Link nesting OFF on input line 4167.
Package hyperref Info: Hyper index ON on input line 4170.
Package hyperref Info: Plain pages OFF on input line 4177.
Package hyperref Info: Backreferencing OFF on input line 4182.
Package hyperref Info: Implicit mode ON; LaTeX internals redefined.
Package hyperref Info: Bookmarks ON on input line 4408.
\c@Hy@tempcnt=\count347
(/Users/alexandra/Library/TinyTeX/texmf-dist/tex/latex/url/url.sty
\Urlmuskip=\muskip17
Package: url 2013/09/16  ver 3.4  Verb mode for urls, etc.
)
LaTeX Info: Redefining \url on input line 4746.
\XeTeXLinkMargin=\dimen307
(/Users/alexandra/Library/TinyTeX/texmf-dist/tex/generic/bitset/bitset.sty
Package: bitset 2019/12/09 v1.3 Handle bit-vector datatype (HO)
(/Users/alexandra/Library/TinyTeX/texmf-dist/tex/generic/bigintcalc/bigintcalc.sty
Package: bigintcalc 2019/12/15 v1.5 Expandable calculations on big integers (HO)
))
\Fld@menulength=\count348
\Field@Width=\dimen308
\Fld@charsize=\dimen309
Package hyperref Info: Hyper figures OFF on input line 6024.
Package hyperref Info: Link nesting OFF on input line 6029.
Package hyperref Info: Hyper index ON on input line 6032.
Package hyperref Info: backreferencing OFF on input line 6039.
Package hyperref Info: Link coloring OFF on input line 6044.
Package hyperref Info: Link coloring with OCG OFF on input line 6049.
Package hyperref Info: PDF/A mode OFF on input line 6054.
(/Users/alexandra/Library/TinyTeX/texmf-dist/tex/latex/base/atbegshi-ltx.sty
Package: atbegshi-ltx 2021/01/10 v1.0c Emulation of the original atbegshi
package with kernel methods
)
\Hy@abspage=\count349
\c@Item=\count350
\c@Hfootnote=\count351
)
Package hyperref Info: Driver (autodetected): hpdftex.
(/Users/alexandra/Library/TinyTeX/texmf-dist/tex/latex/hyperref/hpdftex.def
File: hpdftex.def 2022-06-20 v7.00s Hyperref driver for pdfTeX
(/Users/alexandra/Library/TinyTeX/texmf-dist/tex/latex/base/atveryend-ltx.sty
Package: atveryend-ltx 2020/08/19 v1.0a Emulation of the original atveryend package
with kernel methods
)
\Fld@listcount=\count352
\c@bookmark@seq@number=\count353
(/Users/alexandra/Library/TinyTeX/texmf-dist/tex/latex/rerunfilecheck/rerunfilecheck.sty
Package: rerunfilecheck 2022-07-10 v1.10 Rerun checks for auxiliary files (HO)
(/Users/alexandra/Library/TinyTeX/texmf-dist/tex/generic/uniquecounter/uniquecounter.sty
Package: uniquecounter 2019/12/15 v1.4 Provide unlimited unique counter (HO)
)
Package uniquecounter Info: New unique counter `rerunfilecheck' on input line 285.
)
\Hy@SectionHShift=\skip94
)
Package csquotes Info: Checking for multilingual support...
Package csquotes Info: ... found 'babel' package.
Package csquotes Info: Adjusting default style.
Package csquotes Info: Redefining alias 'default' -> 'english'.
(./Rpackage_paper.aux)
\openout1 = `Rpackage_paper.aux'.

LaTeX Font Info:    Checking defaults for OML/cmm/m/it on input line 250.
LaTeX Font Info:    ... okay on input line 250.
LaTeX Font Info:    Checking defaults for OMS/cmsy/m/n on input line 250.
LaTeX Font Info:    ... okay on input line 250.
LaTeX Font Info:    Checking defaults for OT1/cmr/m/n on input line 250.
LaTeX Font Info:    ... okay on input line 250.
LaTeX Font Info:    Checking defaults for T1/cmr/m/n on input line 250.
LaTeX Font Info:    ... okay on input line 250.
LaTeX Font Info:    Checking defaults for TS1/cmr/m/n on input line 250.
LaTeX Font Info:    ... okay on input line 250.
LaTeX Font Info:    Checking defaults for OMX/cmex/m/n on input line 250.
LaTeX Font Info:    ... okay on input line 250.
LaTeX Font Info:    Checking defaults for U/cmr/m/n on input line 250.
LaTeX Font Info:    ... okay on input line 250.
LaTeX Font Info:    Checking defaults for PD1/pdf/m/n on input line 250.
LaTeX Font Info:    ... okay on input line 250.
LaTeX Font Info:    Checking defaults for PU/pdf/m/n on input line 250.
LaTeX Font Info:    ... okay on input line 250.
*geometry* driver: auto-detecting
*geometry* detected driver: pdftex
*geometry* verbose mode - [ preamble ] result:
* driver: pdftex
* paper: <default>
* layout: <same size as paper>
* layoutoffset:(h,v)=(0.0pt,0.0pt)
* modes: twoside 
* h-part:(L,W,R)=(72.26999pt, 469.75502pt, 72.26999pt)
* v-part:(T,H,B)=(72.26999pt, 650.43001pt, 72.26999pt)
* \paperwidth=614.295pt
* \paperheight=794.96999pt
* \textwidth=469.75502pt
* \textheight=650.43001pt
* \oddsidemargin=0.0pt
* \evensidemargin=0.0pt
* \topmargin=-37.0pt
* \headheight=15.2pt
* \headsep=25.0pt
* \topskip=12.0pt
* \footskip=30.0pt
* \marginparwidth=95.0pt
* \marginparsep=10.0pt
* \columnsep=10.0pt
* \skip\footins=10.8pt plus 4.0pt minus 2.0pt
* \hoffset=0.0pt
* \voffset=0.0pt
* \mag=1000
* \@twocolumnfalse
* \@twosidetrue
* \@mparswitchtrue
* \@reversemarginfalse
* (1in=72.27pt=25.4mm, 1cm=28.453pt)

(/Users/alexandra/Library/TinyTeX/texmf-dist/tex/latex/epstopdf-pkg/epstopdf-base.sty
Package: epstopdf-base 2020-01-24 v2.11 Base part for package epstopdf
Package epstopdf-base Info: Redefining graphics rule for `.eps' on input line 485.
(/Users/alexandra/Library/TinyTeX/texmf-dist/tex/latex/latexconfig/epstopdf-sys.cfg
File: epstopdf-sys.cfg 2010/07/13 v1.3 Configuration of (r)epstopdf for TeX Live
)) (/Users/alexandra/Library/TinyTeX/texmf-dist/tex/latex/apa6/config/APAamerican.txt
File: APAamerican.txt 2012/02/23 v1.25 apa6 configuration for American English
)
Package caption Info: Begin \AtBeginDocument code.
Package caption Info: float package is loaded.
Package caption Info: hyperref package is loaded.
Package caption Info: longtable package is loaded.
(/Users/alexandra/Library/TinyTeX/texmf-dist/tex/latex/caption/ltcaption.sty
Package: ltcaption 2021/01/08 v1.4c longtable captions (AR)
)
Package caption Info: End \AtBeginDocument code.
Package hyperref Info: Link coloring OFF on input line 250.
(./Rpackage_paper.out) (./Rpackage_paper.out)
\@outlinefile=\write7
\openout7 = `Rpackage_paper.out'.

Class apa6 Info: Keywords not defined on input line 252.
LaTeX Font Info:    Trying to load font information for T1+lmss on input line 252.
(/Users/alexandra/Library/TinyTeX/texmf-dist/tex/latex/lm/t1lmss.fd
File: t1lmss.fd 2015/05/01 v1.6.1 Font defs for Latin Modern
)
LaTeX Font Info:    Trying to load font information for OT1+lmr on input line 252.
(/Users/alexandra/Library/TinyTeX/texmf-dist/tex/latex/lm/ot1lmr.fd
File: ot1lmr.fd 2015/05/01 v1.6.1 Font defs for Latin Modern
)
LaTeX Font Info:    Trying to load font information for OML+lmm on input line 252.
(/Users/alexandra/Library/TinyTeX/texmf-dist/tex/latex/lm/omllmm.fd
File: omllmm.fd 2015/05/01 v1.6.1 Font defs for Latin Modern
)
LaTeX Font Info:    Trying to load font information for OMS+lmsy on input line 252.
(/Users/alexandra/Library/TinyTeX/texmf-dist/tex/latex/lm/omslmsy.fd
File: omslmsy.fd 2015/05/01 v1.6.1 Font defs for Latin Modern
)
LaTeX Font Info:    Trying to load font information for OMX+lmex on input line 252.
(/Users/alexandra/Library/TinyTeX/texmf-dist/tex/latex/lm/omxlmex.fd
File: omxlmex.fd 2015/05/01 v1.6.1 Font defs for Latin Modern
)
LaTeX Font Info:    External font `lmex10' loaded for size
(Font)              <12> on input line 252.
LaTeX Font Info:    External font `lmex10' loaded for size
(Font)              <8> on input line 252.
LaTeX Font Info:    External font `lmex10' loaded for size
(Font)              <6> on input line 252.
LaTeX Font Info:    Trying to load font information for U+msa on input line 252.
(/Users/alexandra/Library/TinyTeX/texmf-dist/tex/latex/amsfonts/umsa.fd
File: umsa.fd 2013/01/14 v3.01 AMS symbols A
)
LaTeX Font Info:    Trying to load font information for U+msb on input line 252.
(/Users/alexandra/Library/TinyTeX/texmf-dist/tex/latex/amsfonts/umsb.fd
File: umsb.fd 2013/01/14 v3.01 AMS symbols B
) [1{/Users/alexandra/Library/TinyTeX/texmf-var/fonts/map/pdftex/updmap/pdftex.map}

]
LaTeX Font Info:    Trying to load font information for T1+lmtt on input line 252.
(/Users/alexandra/Library/TinyTeX/texmf-dist/tex/latex/lm/t1lmtt.fd
File: t1lmtt.fd 2015/05/01 v1.6.1 Font defs for Latin Modern
) [2] [3] [4]
Underfull \vbox (badness 10000) has occurred while \output is active []

[5]
<scheme_multibridge/scheme-multibridge.png, id=194, 1020.28235pt x 573.90883pt>
File: scheme_multibridge/scheme-multibridge.png Graphic file (type png)
<use scheme_multibridge/scheme-multibridge.png>
Package pdftex.def Info: scheme_multibridge/scheme-multibridge.png  used on input line 279.
(pdftex.def)             Requested size: 469.75592pt x 264.2377pt.

Underfull \hbox (badness 3803) in paragraph at lines 283--283
[][]\T1/lmr/m/it/12 Fig-ure[] 1\T1/lmr/m/n/12 . |The \T1/lmr/bx/n/12 multi-b-ridge \T1/lmr/m/n/12 work-flow. The func-tions \T1/lmtt/m/n/12 mult_bf_informed \T1/lmr/m/n/12 or
 []

[6] [7 <./scheme_multibridge/scheme-multibridge.png>]
<scheme_multibridge/supported-hyps.png, id=214, 1020.28235pt x 573.90883pt>
File: scheme_multibridge/supported-hyps.png Graphic file (type png)
<use scheme_multibridge/supported-hyps.png>
Package pdftex.def Info: scheme_multibridge/supported-hyps.png  used on input line 297.
(pdftex.def)             Requested size: 469.75592pt x 264.2377pt.
[8 <./scheme_multibridge/supported-hyps.png>]
<scheme_multibridge/branched-hyps.png, id=221, 1020.28235pt x 573.90883pt>
File: scheme_multibridge/branched-hyps.png Graphic file (type png)
<use scheme_multibridge/branched-hyps.png>
Package pdftex.def Info: scheme_multibridge/branched-hyps.png  used on input line 310.
(pdftex.def)             Requested size: 469.75592pt x 264.2377pt.

Overfull \hbox (9.48906pt too wide) in paragraph at lines 323--334
 [] 
 []


Underfull \vbox (badness 10000) has occurred while \output is active []

[9 <./scheme_multibridge/branched-hyps.png>]
Underfull \vbox (badness 10000) has occurred while \output is active []

[10]
Underfull \hbox (badness 10000) in paragraph at lines 348--348
[]|$[]$\T1/lmr/m/n/12 ,
 []


Overfull \hbox (0.60303pt too wide) in paragraph at lines 355--355
[]|$[]$\T1/lmr/m/n/12 ,
 []


Overfull \hbox (3.51404pt too wide) in paragraph at lines 355--355
$[]$| 
 []


Overfull \hbox (35.71544pt too wide) in paragraph at lines 345--359
 [] 
 []


Underfull \vbox (badness 10000) has occurred while \output is active []

[11]
Underfull \vbox (badness 10000) has occurred while \output is active []

[12]
Overfull \hbox (9.48906pt too wide) in paragraph at lines 368--384
 [] 
 []


Underfull \vbox (badness 10000) has occurred while \output is active []

[13]
Underfull \vbox (badness 10000) has occurred while \output is active []

[14]

Package amsmath Warning: Foreign command \atopwithdelims;
(amsmath)                \frac or \genfrac should be used instead
(amsmath)                 on input line 394.

[15] [16]
<prior.png, id=263, 498.86375pt x 883.3pt>
File: prior.png Graphic file (type png)
<use prior.png>
Package pdftex.def Info: prior.png  used on input line 428.
(pdftex.def)             Requested size: 281.86615pt x 499.07892pt.

LaTeX Warning: Float too large for page by 2.63379pt on input line 433.

[17] [18 <./prior.png>] [19] [20] [21] [22]
LaTeX Font Info:    External font `lmex10' loaded for size
(Font)              <10> on input line 555.
LaTeX Font Info:    External font `lmex10' loaded for size
(Font)              <7> on input line 555.
[23]
<scheme_multibridge/bridge-sampling.png, id=314, 1020.28235pt x 573.90883pt>
File: scheme_multibridge/bridge-sampling.png Graphic file (type png)
<use scheme_multibridge/bridge-sampling.png>
Package pdftex.def Info: scheme_multibridge/bridge-sampling.png  used on input line 563.
(pdftex.def)             Requested size: 281.86288pt x 158.54787pt.
[24 <./scheme_multibridge/bridge-sampling.png>]
Underfull \vbox (badness 10000) has occurred while \output is active []

[25]
<scheme_multibridge/stick-breaking.png, id=327, 1020.28235pt x 573.90883pt>
File: scheme_multibridge/stick-breaking.png Graphic file (type png)
<use scheme_multibridge/stick-breaking.png>
Package pdftex.def Info: scheme_multibridge/stick-breaking.png  used on input line 585.
(pdftex.def)             Requested size: 281.86288pt x 158.54787pt.
[26 <./scheme_multibridge/stick-breaking.png>] [27] [28]
Underfull \vbox (badness 10000) has occurred while \output is active []

[29] [30]
Underfull \vbox (badness 7649) has occurred while \output is active []

[31]
Underfull \hbox (badness 10000) in paragraph at lines 653--654
[]|\T1/lmr/m/n/12 Expected Pro-por-
 []


Underfull \vbox (badness 10000) has occurred while \output is active []

[32]
Underfull \vbox (badness 10000) has occurred while \output is active []

[33] [34]
LaTeX Font Info:    Trying to load font information for TS1+lmtt on input line 712.
(/Users/alexandra/Library/TinyTeX/texmf-dist/tex/latex/lm/ts1lmtt.fd
File: ts1lmtt.fd 2015/05/01 v1.6.1 Font defs for Latin Modern
) [35] [36]
<Rpackage_paper_files/figure-latex/benford-alt-1.pdf, id=389, 469.755pt x 325.215pt>
File: Rpackage_paper_files/figure-latex/benford-alt-1.pdf Graphic file (type pdf)
<use Rpackage_paper_files/figure-latex/benford-alt-1.pdf>
Package pdftex.def Info: Rpackage_paper_files/figure-latex/benford-alt-1.pdf  used on input line 762.
(pdftex.def)             Requested size: 469.75386pt x 325.2142pt.
[37 <./Rpackage_paper_files/figure-latex/benford-alt-1.pdf>] [38]
Underfull \vbox (badness 10000) has occurred while \output is active []

[39] [40] [41]
Underfull \vbox (badness 1028) has occurred while \output is active []

[42]
Underfull \vbox (badness 1748) detected at line 913
 []

[43]
<Rpackage_paper_files/figure-latex/journals-1.pdf, id=437, 469.755pt x 325.215pt>
File: Rpackage_paper_files/figure-latex/journals-1.pdf Graphic file (type pdf)
<use Rpackage_paper_files/figure-latex/journals-1.pdf>
Package pdftex.def Info: Rpackage_paper_files/figure-latex/journals-1.pdf  used on input line 952.
(pdftex.def)             Requested size: 469.75386pt x 325.2142pt.
[44]
Underfull \vbox (badness 3623) has occurred while \output is active []

[45 <./Rpackage_paper_files/figure-latex/journals-1.pdf>] [46]

LaTeX Warning: Reference `Tab:decisionData' on page 47 undefined on input line 972.

[47]
Underfull \vbox (badness 6876) has occurred while \output is active []

[48]
Overfull \vbox (0.55978pt too high) detected at line 1057
 []

[49] [50]
<Rpackage_paper_files/figure-latex/unnamed-chunk-23-1.pdf, id=485, 469.755pt x 325.215pt>
File: Rpackage_paper_files/figure-latex/unnamed-chunk-23-1.pdf Graphic file (type pdf)
<use Rpackage_paper_files/figure-latex/unnamed-chunk-23-1.pdf>
Package pdftex.def Info: Rpackage_paper_files/figure-latex/unnamed-chunk-23-1.pdf  used on input line 1092.
(pdftex.def)             Requested size: 469.75386pt x 325.2142pt.

Overfull \hbox (28.90639pt too wide) in paragraph at lines 1092--1093
[][]  
 []

[51 <./Rpackage_paper_files/figure-latex/unnamed-chunk-23-1.pdf>] [52]
<jasp_implementation.png, id=503, 1447.4075pt x 1973.3725pt>
File: jasp_implementation.png Graphic file (type png)
<use jasp_implementation.png>
Package pdftex.def Info: jasp_implementation.png  used on input line 1144.
(pdftex.def)             Requested size: 375.80911pt x 512.3722pt.

Underfull \vbox (badness 3977) has occurred while \output is active []

[53] [54 <./jasp_implementation.png>]
Underfull \vbox (badness 10000) has occurred while \output is active []

[55] [56] [57]
Underfull \vbox (badness 1028) has occurred while \output is active []

[58

]
Underfull \vbox (badness 10000) has occurred while \output is active []

[59]
Underfull \vbox (badness 10000) has occurred while \output is active []

[60]
Underfull \vbox (badness 10000) has occurred while \output is active []

[61]
Underfull \vbox (badness 10000) has occurred while \output is active []

[62] [63]
Underfull \vbox (badness 2376) has occurred while \output is active []

[64

]
pdfTeX warning (ext4): destination with the same identifier (name{equation.0.1}) has been already used, duplicate ignored
<to be read again> 
                   \relax 
l.1446 \end{align}
                   where \(1 - \sum_{i < k} \theta_i\) represents the length of
pdfTeX warning (ext4): destination with the same identifier (name{equation.0.2}) has been already used, duplicate ignored
<to be read again> 
                   \relax 
l.1470 \end{align}
                   The upper bound for parameters in the binomial models still [65]
Overfull \hbox (19.16428pt too wide) detected at line 1484
[]
 []

[66] [67] [68] [69] [70] AED endfloat: Processing end Figures and Tables (./Rpackage_paper.aux)

LaTeX Warning: There were undefined references.

Package rerunfilecheck Info: File `Rpackage_paper.out' has not changed.
(rerunfilecheck)             Checksum: B3034B9312E56226568A02688D390941;6954.
 ) 
Here is how much of TeX's memory you used:
 27658 strings out of 479638
 515969 string characters out of 5877685
 802615 words of memory out of 5000000
 45399 multiletter control sequences out of 15000+600000
 575500 words of font info for 110 fonts, out of 8000000 for 9000
 14 hyphenation exceptions out of 8191
 99i,21n,94p,2597b,603s stack positions out of 10000i,1000n,20000p,200000b,200000s
{/Users/alexandra/Library/TinyTeX/texmf-dist/fonts/enc/dvips/lm/lm-mathsy.enc}{/Users/alexandra/Library/TinyTeX/texmf-dist/fonts/enc/dvips/lm/lm-rm.enc}{/Users/alexandra/Library/TinyTeX/texmf-dist/fonts/enc/dvips/lm/lm-ts1.enc}{/Users/alexandra/Library/TinyTeX/texmf-dist/fonts/enc/dvips/lm/lm-ec.enc}{/Users/alexandra/Library/TinyTeX/texmf-dist/fonts/enc/dvips/lm/lm-mathex.enc}{/Users/alexandra/Library/TinyTeX/texmf-dist/fonts/enc/dvips/lm/lm-mathit.enc}</Users/alexandra/Library/TinyTeX/texmf-dist/fonts/type1/public/lm/lmbx10.pfb></Users/alexandra/Library/TinyTeX/texmf-dist/fonts/type1/public/lm/lmbx12.pfb></Users/alexandra/Library/TinyTeX/texmf-dist/fonts/type1/public/lm/lmbx8.pfb></Users/alexandra/Library/TinyTeX/texmf-dist/fonts/type1/public/lm/lmbxi10.pfb></Users/alexandra/Library/TinyTeX/texmf-dist/fonts/type1/public/lm/lmex10.pfb></Users/alexandra/Library/TinyTeX/texmf-dist/fonts/type1/public/lm/lmmi12.pfb></Users/alexandra/Library/TinyTeX/texmf-dist/fonts/type1/public/lm/lmmi6.pfb></Users/alexandra/Library/TinyTeX/texmf-dist/fonts/type1/public/lm/lmmi8.pfb></Users/alexandra/Library/TinyTeX/texmf-dist/fonts/type1/public/lm/lmmib10.pfb></Users/alexandra/Library/TinyTeX/texmf-dist/fonts/type1/public/lm/lmr10.pfb></Users/alexandra/Library/TinyTeX/texmf-dist/fonts/type1/public/lm/lmr12.pfb></Users/alexandra/Library/TinyTeX/texmf-dist/fonts/type1/public/lm/lmr6.pfb></Users/alexandra/Library/TinyTeX/texmf-dist/fonts/type1/public/lm/lmr7.pfb></Users/alexandra/Library/TinyTeX/texmf-dist/fonts/type1/public/lm/lmr8.pfb></Users/alexandra/Library/TinyTeX/texmf-dist/fonts/type1/public/lm/lmri12.pfb></Users/alexandra/Library/TinyTeX/texmf-dist/fonts/type1/public/lm/lmss8.pfb></Users/alexandra/Library/TinyTeX/texmf-dist/fonts/type1/public/lm/lmsy10.pfb></Users/alexandra/Library/TinyTeX/texmf-dist/fonts/type1/public/lm/lmsy6.pfb></Users/alexandra/Library/TinyTeX/texmf-dist/fonts/type1/public/lm/lmsy8.pfb></Users/alexandra/Library/TinyTeX/texmf-dist/fonts/type1/public/lm/lmtt10.pfb></Users/alexandra/Library/TinyTeX/texmf-dist/fonts/type1/public/lm/lmtt12.pfb></Users/alexandra/Library/TinyTeX/texmf-dist/fonts/type1/public/lm/lmtti10.pfb></Users/alexandra/Library/TinyTeX/texmf-dist/fonts/type1/public/amsfonts/symbols/msbm10.pfb>
Output written on Rpackage_paper.pdf (70 pages, 993729 bytes).
PDF statistics:
 837 PDF objects out of 1000 (max. 8388607)
 693 compressed objects within 7 object streams
 227 named destinations out of 1000 (max. 500000)
 351 words of extra memory for PDF output out of 10000 (max. 10000000)

